{"/Users/herisetiawan/FrontendFriendly/singteltest/src/App.tsx": {"path":"/Users/herisetiawan/FrontendFriendly/singteltest/src/App.tsx","statementMap":{"0":{"start":{"line":9,"column":24},"end":{"line":15,"column":6}},"1":{"start":{"line":17,"column":4},"end":{"line":31,"column":5}}},"fnMap":{"0":{"name":"App","decl":{"start":{"line":8,"column":24},"end":{"line":8,"column":27}},"loc":{"start":{"line":8,"column":44},"end":{"line":32,"column":1}},"line":8}},"branchMap":{},"s":{"0":1,"1":1},"f":{"0":1},"b":{},"_coverageSchema":"1a1c01bbd47fc00a2c39e90264f33305004495a9","hash":"cbeab5ee6070031352202025d86bc1bd0bc6def1"}
,"/Users/herisetiawan/FrontendFriendly/singteltest/src/components/BreedsSearch/BreedsSearch.style.ts": {"path":"/Users/herisetiawan/FrontendFriendly/singteltest/src/components/BreedsSearch/BreedsSearch.style.ts","statementMap":{"0":{"start":{"line":4,"column":25},"end":{"line":12,"column":1}}},"fnMap":{},"branchMap":{},"s":{"0":2},"f":{},"b":{},"_coverageSchema":"1a1c01bbd47fc00a2c39e90264f33305004495a9","hash":"e88b60a9c8013753475e1884dc92cc2164db03f2"}
,"/Users/herisetiawan/FrontendFriendly/singteltest/src/components/BreedsSearch/index.tsx": {"path":"/Users/herisetiawan/FrontendFriendly/singteltest/src/components/BreedsSearch/index.tsx","statementMap":{"0":{"start":{"line":7,"column":20},"end":{"line":19,"column":1}},"1":{"start":{"line":8,"column":4},"end":{"line":18,"column":5}},"2":{"start":{"line":13,"column":20},"end":{"line":13,"column":58}}},"fnMap":{"0":{"name":"(anonymous_0)","decl":{"start":{"line":7,"column":20},"end":{"line":7,"column":21}},"loc":{"start":{"line":7,"column":89},"end":{"line":19,"column":1}},"line":7},"1":{"name":"(anonymous_1)","decl":{"start":{"line":12,"column":35},"end":{"line":12,"column":36}},"loc":{"start":{"line":12,"column":49},"end":{"line":14,"column":17}},"line":12}},"branchMap":{"0":{"loc":{"start":{"line":13,"column":20},"end":{"line":13,"column":58}},"type":"binary-expr","locations":[{"start":{"line":13,"column":20},"end":{"line":13,"column":27}},{"start":{"line":13,"column":31},"end":{"line":13,"column":58}}],"line":13}},"s":{"0":2,"1":8,"2":0},"f":{"0":8,"1":0},"b":{"0":[0,0]},"_coverageSchema":"1a1c01bbd47fc00a2c39e90264f33305004495a9","hash":"cd78c80afe5ca8edb8cd490de9574418b2684179"}
,"/Users/herisetiawan/FrontendFriendly/singteltest/src/components/BreedsSorter/BreedsSorter.styled.ts": {"path":"/Users/herisetiawan/FrontendFriendly/singteltest/src/components/BreedsSorter/BreedsSorter.styled.ts","statementMap":{"0":{"start":{"line":3,"column":29},"end":{"line":6,"column":1}},"1":{"start":{"line":8,"column":28},"end":{"line":11,"column":1}},"2":{"start":{"line":13,"column":27},"end":{"line":16,"column":1}}},"fnMap":{},"branchMap":{},"s":{"0":2,"1":2,"2":2},"f":{},"b":{},"_coverageSchema":"1a1c01bbd47fc00a2c39e90264f33305004495a9","hash":"1261362e1100a4b0db675139d0720f498404bf54"}
,"/Users/herisetiawan/FrontendFriendly/singteltest/src/components/BreedsSorter/index.tsx": {"path":"/Users/herisetiawan/FrontendFriendly/singteltest/src/components/BreedsSorter/index.tsx","statementMap":{"0":{"start":{"line":10,"column":21},"end":{"line":78,"column":1}},"1":{"start":{"line":11,"column":32},"end":{"line":11,"column":64}},"2":{"start":{"line":12,"column":38},"end":{"line":12,"column":69}},"3":{"start":{"line":13,"column":27},"end":{"line":16,"column":5}},"4":{"start":{"line":15,"column":8},"end":{"line":15,"column":24}},"5":{"start":{"line":17,"column":30},"end":{"line":20,"column":5}},"6":{"start":{"line":19,"column":8},"end":{"line":19,"column":27}},"7":{"start":{"line":21,"column":4},"end":{"line":28,"column":27}},"8":{"start":{"line":23,"column":8},"end":{"line":26,"column":10}},"9":{"start":{"line":29,"column":4},"end":{"line":77,"column":5}}},"fnMap":{"0":{"name":"(anonymous_0)","decl":{"start":{"line":10,"column":21},"end":{"line":10,"column":22}},"loc":{"start":{"line":10,"column":81},"end":{"line":78,"column":1}},"line":10},"1":{"name":"(anonymous_1)","decl":{"start":{"line":13,"column":27},"end":{"line":13,"column":28}},"loc":{"start":{"line":13,"column":54},"end":{"line":16,"column":5}},"line":13},"2":{"name":"(anonymous_2)","decl":{"start":{"line":17,"column":30},"end":{"line":17,"column":31}},"loc":{"start":{"line":17,"column":57},"end":{"line":20,"column":5}},"line":17},"3":{"name":"(anonymous_3)","decl":{"start":{"line":21,"column":14},"end":{"line":21,"column":15}},"loc":{"start":{"line":21,"column":20},"end":{"line":28,"column":5}},"line":21}},"branchMap":{"0":{"loc":{"start":{"line":23,"column":8},"end":{"line":26,"column":10}},"type":"binary-expr","locations":[{"start":{"line":23,"column":8},"end":{"line":23,"column":16}},{"start":{"line":23,"column":20},"end":{"line":26,"column":10}}],"line":23}},"s":{"0":2,"1":8,"2":8,"3":8,"4":0,"5":8,"6":0,"7":8,"8":3,"9":8},"f":{"0":8,"1":0,"2":0,"3":3},"b":{"0":[3,3]},"_coverageSchema":"1a1c01bbd47fc00a2c39e90264f33305004495a9","hash":"bb52ea849a5ed61515aefe6d4724b5627cd50ae6"}
,"/Users/herisetiawan/FrontendFriendly/singteltest/src/components/DogsCards/DogsCardDetail.tsx": {"path":"/Users/herisetiawan/FrontendFriendly/singteltest/src/components/DogsCards/DogsCardDetail.tsx","statementMap":{"0":{"start":{"line":13,"column":23},"end":{"line":69,"column":1}},"1":{"start":{"line":14,"column":28},"end":{"line":14,"column":43}},"2":{"start":{"line":16,"column":23},"end":{"line":18,"column":5}},"3":{"start":{"line":17,"column":8},"end":{"line":17,"column":22}},"4":{"start":{"line":20,"column":20},"end":{"line":22,"column":5}},"5":{"start":{"line":21,"column":8},"end":{"line":21,"column":23}},"6":{"start":{"line":24,"column":4},"end":{"line":68,"column":6}}},"fnMap":{"0":{"name":"(anonymous_0)","decl":{"start":{"line":13,"column":23},"end":{"line":13,"column":24}},"loc":{"start":{"line":13,"column":91},"end":{"line":69,"column":1}},"line":13},"1":{"name":"(anonymous_1)","decl":{"start":{"line":16,"column":23},"end":{"line":16,"column":24}},"loc":{"start":{"line":16,"column":29},"end":{"line":18,"column":5}},"line":16},"2":{"name":"(anonymous_2)","decl":{"start":{"line":20,"column":20},"end":{"line":20,"column":21}},"loc":{"start":{"line":20,"column":26},"end":{"line":22,"column":5}},"line":20}},"branchMap":{"0":{"loc":{"start":{"line":27,"column":16},"end":{"line":31,"column":26}},"type":"cond-expr","locations":[{"start":{"line":28,"column":22},"end":{"line":30,"column":22}},{"start":{"line":31,"column":22},"end":{"line":31,"column":26}}],"line":27},"1":{"loc":{"start":{"line":33,"column":27},"end":{"line":33,"column":66}},"type":"cond-expr","locations":[{"start":{"line":33,"column":54},"end":{"line":33,"column":57}},{"start":{"line":33,"column":60},"end":{"line":33,"column":66}}],"line":33},"2":{"loc":{"start":{"line":61,"column":29},"end":{"line":61,"column":80}},"type":"cond-expr","locations":[{"start":{"line":61,"column":46},"end":{"line":61,"column":73}},{"start":{"line":61,"column":76},"end":{"line":61,"column":80}}],"line":61},"3":{"loc":{"start":{"line":62,"column":29},"end":{"line":62,"column":86}},"type":"cond-expr","locations":[{"start":{"line":62,"column":49},"end":{"line":62,"column":79}},{"start":{"line":62,"column":82},"end":{"line":62,"column":86}}],"line":62}},"s":{"0":2,"1":4,"2":4,"3":0,"4":4,"5":0,"6":4},"f":{"0":4,"1":0,"2":0},"b":{"0":[4,0],"1":[0,4],"2":[4,0],"3":[4,0]},"_coverageSchema":"1a1c01bbd47fc00a2c39e90264f33305004495a9","hash":"018be3cf185ca870ccb0d036858b720f702a618f"}
,"/Users/herisetiawan/FrontendFriendly/singteltest/src/components/DogsCards/index.tsx": {"path":"/Users/herisetiawan/FrontendFriendly/singteltest/src/components/DogsCards/index.tsx","statementMap":{"0":{"start":{"line":24,"column":18},"end":{"line":45,"column":1}},"1":{"start":{"line":25,"column":4},"end":{"line":44,"column":6}},"2":{"start":{"line":29,"column":12},"end":{"line":42,"column":24}}},"fnMap":{"0":{"name":"(anonymous_0)","decl":{"start":{"line":24,"column":18},"end":{"line":24,"column":19}},"loc":{"start":{"line":25,"column":4},"end":{"line":44,"column":6}},"line":25},"1":{"name":"(anonymous_1)","decl":{"start":{"line":28,"column":20},"end":{"line":28,"column":21}},"loc":{"start":{"line":29,"column":12},"end":{"line":42,"column":24}},"line":29}},"branchMap":{},"s":{"0":2,"1":2,"2":4},"f":{"0":2,"1":4},"b":{},"_coverageSchema":"1a1c01bbd47fc00a2c39e90264f33305004495a9","hash":"8803907dbeb54365a60bcea293f56a5bc00052c8"}
,"/Users/herisetiawan/FrontendFriendly/singteltest/src/components/LazyImage/LazyImage.style.ts": {"path":"/Users/herisetiawan/FrontendFriendly/singteltest/src/components/LazyImage/LazyImage.style.ts","statementMap":{"0":{"start":{"line":4,"column":25},"end":{"line":16,"column":2}},"1":{"start":{"line":5,"column":31},"end":{"line":5,"column":46}},"2":{"start":{"line":6,"column":12},"end":{"line":16,"column":1}},"3":{"start":{"line":18,"column":27},"end":{"line":26,"column":1}}},"fnMap":{"0":{"name":"(anonymous_0)","decl":{"start":{"line":5,"column":23},"end":{"line":5,"column":24}},"loc":{"start":{"line":5,"column":31},"end":{"line":5,"column":46}},"line":5},"1":{"name":"(anonymous_1)","decl":{"start":{"line":6,"column":3},"end":{"line":6,"column":4}},"loc":{"start":{"line":6,"column":12},"end":{"line":16,"column":1}},"line":6}},"branchMap":{"0":{"loc":{"start":{"line":8,"column":14},"end":{"line":8,"column":73}},"type":"cond-expr","locations":[{"start":{"line":8,"column":57},"end":{"line":8,"column":63}},{"start":{"line":8,"column":66},"end":{"line":8,"column":73}}],"line":8},"1":{"loc":{"start":{"line":8,"column":14},"end":{"line":8,"column":54}},"type":"binary-expr","locations":[{"start":{"line":8,"column":14},"end":{"line":8,"column":29}},{"start":{"line":8,"column":33},"end":{"line":8,"column":54}}],"line":8}},"s":{"0":3,"1":9,"2":2,"3":3},"f":{"0":9,"1":2},"b":{"0":[0,2],"1":[2,0]},"_coverageSchema":"1a1c01bbd47fc00a2c39e90264f33305004495a9","hash":"c71ebd3c7025d20b6428ca60c6542a8c63c83698"}
,"/Users/herisetiawan/FrontendFriendly/singteltest/src/components/LazyImage/index.tsx": {"path":"/Users/herisetiawan/FrontendFriendly/singteltest/src/components/LazyImage/index.tsx","statementMap":{"0":{"start":{"line":6,"column":18},"end":{"line":39,"column":1}},"1":{"start":{"line":7,"column":29},"end":{"line":7,"column":42}},"2":{"start":{"line":8,"column":32},"end":{"line":8,"column":47}},"3":{"start":{"line":10,"column":19},"end":{"line":12,"column":10}},"4":{"start":{"line":11,"column":8},"end":{"line":11,"column":24}},"5":{"start":{"line":14,"column":20},"end":{"line":17,"column":10}},"6":{"start":{"line":15,"column":8},"end":{"line":15,"column":25}},"7":{"start":{"line":16,"column":8},"end":{"line":16,"column":24}},"8":{"start":{"line":19,"column":4},"end":{"line":28,"column":31}},"9":{"start":{"line":20,"column":20},"end":{"line":20,"column":31}},"10":{"start":{"line":21,"column":8},"end":{"line":21,"column":32}},"11":{"start":{"line":22,"column":8},"end":{"line":22,"column":45}},"12":{"start":{"line":23,"column":8},"end":{"line":23,"column":47}},"13":{"start":{"line":24,"column":8},"end":{"line":27,"column":10}},"14":{"start":{"line":25,"column":12},"end":{"line":25,"column":52}},"15":{"start":{"line":26,"column":12},"end":{"line":26,"column":54}},"16":{"start":{"line":30,"column":4},"end":{"line":38,"column":9}}},"fnMap":{"0":{"name":"(anonymous_0)","decl":{"start":{"line":6,"column":18},"end":{"line":6,"column":19}},"loc":{"start":{"line":6,"column":46},"end":{"line":39,"column":1}},"line":6},"1":{"name":"(anonymous_1)","decl":{"start":{"line":10,"column":31},"end":{"line":10,"column":32}},"loc":{"start":{"line":10,"column":37},"end":{"line":12,"column":5}},"line":10},"2":{"name":"(anonymous_2)","decl":{"start":{"line":14,"column":32},"end":{"line":14,"column":33}},"loc":{"start":{"line":14,"column":38},"end":{"line":17,"column":5}},"line":14},"3":{"name":"(anonymous_3)","decl":{"start":{"line":19,"column":14},"end":{"line":19,"column":15}},"loc":{"start":{"line":19,"column":20},"end":{"line":28,"column":5}},"line":19},"4":{"name":"(anonymous_4)","decl":{"start":{"line":24,"column":15},"end":{"line":24,"column":16}},"loc":{"start":{"line":24,"column":21},"end":{"line":27,"column":9}},"line":24}},"branchMap":{"0":{"loc":{"start":{"line":6,"column":21},"end":{"line":6,"column":29}},"type":"default-arg","locations":[{"start":{"line":6,"column":27},"end":{"line":6,"column":29}}],"line":6},"1":{"loc":{"start":{"line":30,"column":11},"end":{"line":38,"column":9}},"type":"cond-expr","locations":[{"start":{"line":32,"column":10},"end":{"line":32,"column":93}},{"start":{"line":35,"column":12},"end":{"line":37,"column":26}}],"line":30}},"s":{"0":3,"1":8,"2":8,"3":8,"4":1,"5":8,"6":1,"7":1,"8":8,"9":6,"10":6,"11":6,"12":6,"13":6,"14":6,"15":6,"16":8},"f":{"0":8,"1":1,"2":1,"3":6,"4":6},"b":{"0":[0],"1":[2,6]},"_coverageSchema":"1a1c01bbd47fc00a2c39e90264f33305004495a9","hash":"6187e4a6f757a8ad5d80d40435f9c8d002e258f8"}
,"/Users/herisetiawan/FrontendFriendly/singteltest/src/components/Loadable/index.tsx": {"path":"/Users/herisetiawan/FrontendFriendly/singteltest/src/components/Loadable/index.tsx","statementMap":{"0":{"start":{"line":5,"column":17},"end":{"line":12,"column":1}},"1":{"start":{"line":6,"column":49},"end":{"line":6,"column":54}},"2":{"start":{"line":7,"column":4},"end":{"line":11,"column":25}}},"fnMap":{"0":{"name":"(anonymous_0)","decl":{"start":{"line":5,"column":17},"end":{"line":5,"column":18}},"loc":{"start":{"line":5,"column":62},"end":{"line":12,"column":1}},"line":5}},"branchMap":{"0":{"loc":{"start":{"line":6,"column":12},"end":{"line":6,"column":27}},"type":"default-arg","locations":[{"start":{"line":6,"column":22},"end":{"line":6,"column":27}}],"line":6},"1":{"loc":{"start":{"line":6,"column":29},"end":{"line":6,"column":44}},"type":"default-arg","locations":[{"start":{"line":6,"column":40},"end":{"line":6,"column":44}}],"line":6},"2":{"loc":{"start":{"line":7,"column":11},"end":{"line":11,"column":25}},"type":"cond-expr","locations":[{"start":{"line":9,"column":10},"end":{"line":9,"column":22}},{"start":{"line":11,"column":10},"end":{"line":11,"column":25}}],"line":7}},"s":{"0":2,"1":8,"2":8},"f":{"0":8},"b":{"0":[0],"1":[0],"2":[6,2]},"_coverageSchema":"1a1c01bbd47fc00a2c39e90264f33305004495a9","hash":"b88bcb1abd794d6c292b3e281984879f39ec8a7b"}
,"/Users/herisetiawan/FrontendFriendly/singteltest/src/helpers/array.ts": {"path":"/Users/herisetiawan/FrontendFriendly/singteltest/src/helpers/array.ts","statementMap":{"0":{"start":{"line":5,"column":25},"end":{"line":29,"column":1}},"1":{"start":{"line":5,"column":67},"end":{"line":29,"column":1}},"2":{"start":{"line":6,"column":25},"end":{"line":6,"column":41}},"3":{"start":{"line":7,"column":4},"end":{"line":28,"column":6}},"4":{"start":{"line":11,"column":8},"end":{"line":15,"column":9}},"5":{"start":{"line":12,"column":12},"end":{"line":14,"column":19}},"6":{"start":{"line":20,"column":8},"end":{"line":24,"column":9}},"7":{"start":{"line":21,"column":12},"end":{"line":23,"column":20}},"8":{"start":{"line":27,"column":8},"end":{"line":27,"column":16}}},"fnMap":{"0":{"name":"(anonymous_0)","decl":{"start":{"line":5,"column":25},"end":{"line":5,"column":26}},"loc":{"start":{"line":5,"column":67},"end":{"line":29,"column":1}},"line":5},"1":{"name":"(anonymous_1)","decl":{"start":{"line":5,"column":67},"end":{"line":5,"column":68}},"loc":{"start":{"line":5,"column":93},"end":{"line":29,"column":1}},"line":5},"2":{"name":"(anonymous_2)","decl":{"start":{"line":7,"column":25},"end":{"line":7,"column":26}},"loc":{"start":{"line":7,"column":35},"end":{"line":28,"column":5}},"line":7}},"branchMap":{"0":{"loc":{"start":{"line":11,"column":8},"end":{"line":15,"column":9}},"type":"if","locations":[{"start":{"line":11,"column":8},"end":{"line":15,"column":9}},{"start":{},"end":{}}],"line":11},"1":{"loc":{"start":{"line":12,"column":19},"end":{"line":14,"column":19}},"type":"cond-expr","locations":[{"start":{"line":13,"column":18},"end":{"line":13,"column":20}},{"start":{"line":14,"column":18},"end":{"line":14,"column":19}}],"line":12},"2":{"loc":{"start":{"line":20,"column":8},"end":{"line":24,"column":9}},"type":"if","locations":[{"start":{"line":20,"column":8},"end":{"line":24,"column":9}},{"start":{},"end":{}}],"line":20},"3":{"loc":{"start":{"line":21,"column":19},"end":{"line":23,"column":20}},"type":"cond-expr","locations":[{"start":{"line":22,"column":18},"end":{"line":22,"column":19}},{"start":{"line":23,"column":18},"end":{"line":23,"column":20}}],"line":21}},"s":{"0":3,"1":9,"2":10,"3":10,"4":10,"5":4,"6":6,"7":6,"8":0},"f":{"0":9,"1":10,"2":10},"b":{"0":[4,6],"1":[2,2],"2":[6,0],"3":[2,4]},"_coverageSchema":"1a1c01bbd47fc00a2c39e90264f33305004495a9","hash":"8ac9e9b1f5d0fcbf0638f5277a5b5e8d8589054a"}
,"/Users/herisetiawan/FrontendFriendly/singteltest/src/helpers/debounce.ts": {"path":"/Users/herisetiawan/FrontendFriendly/singteltest/src/helpers/debounce.ts","statementMap":{"0":{"start":{"line":2,"column":17},"end":{"line":18,"column":1}},"1":{"start":{"line":4,"column":24},"end":{"line":16,"column":5}},"2":{"start":{"line":6,"column":8},"end":{"line":15,"column":10}},"3":{"start":{"line":7,"column":12},"end":{"line":10,"column":13}},"4":{"start":{"line":9,"column":16},"end":{"line":9,"column":36}},"5":{"start":{"line":11,"column":12},"end":{"line":14,"column":22}},"6":{"start":{"line":13,"column":16},"end":{"line":13,"column":34}},"7":{"start":{"line":17,"column":4},"end":{"line":17,"column":23}}},"fnMap":{"0":{"name":"(anonymous_0)","decl":{"start":{"line":2,"column":17},"end":{"line":2,"column":18}},"loc":{"start":{"line":2,"column":50},"end":{"line":18,"column":1}},"line":2},"1":{"name":"(anonymous_1)","decl":{"start":{"line":4,"column":24},"end":{"line":4,"column":25}},"loc":{"start":{"line":4,"column":44},"end":{"line":16,"column":5}},"line":4},"2":{"name":"(anonymous_2)","decl":{"start":{"line":6,"column":27},"end":{"line":6,"column":28}},"loc":{"start":{"line":6,"column":40},"end":{"line":15,"column":9}},"line":6},"3":{"name":"(anonymous_3)","decl":{"start":{"line":11,"column":31},"end":{"line":11,"column":32}},"loc":{"start":{"line":11,"column":37},"end":{"line":14,"column":13}},"line":11}},"branchMap":{"0":{"loc":{"start":{"line":7,"column":12},"end":{"line":10,"column":13}},"type":"if","locations":[{"start":{"line":7,"column":12},"end":{"line":10,"column":13}},{"start":{},"end":{}}],"line":7}},"s":{"0":3,"1":9,"2":11,"3":11,"4":10,"5":11,"6":1,"7":9},"f":{"0":9,"1":11,"2":11,"3":1},"b":{"0":[10,1]},"_coverageSchema":"1a1c01bbd47fc00a2c39e90264f33305004495a9","hash":"8006b78a88cc870ab73a3902612afa1042f5577f"}
,"/Users/herisetiawan/FrontendFriendly/singteltest/src/helpers/server-handlers.ts": {"path":"/Users/herisetiawan/FrontendFriendly/singteltest/src/helpers/server-handlers.ts","statementMap":{"0":{"start":{"line":7,"column":17},"end":{"line":95,"column":1}},"1":{"start":{"line":9,"column":56},"end":{"line":59,"column":10}},"2":{"start":{"line":60,"column":8},"end":{"line":63,"column":9}},"3":{"start":{"line":66,"column":56},"end":{"line":89,"column":10}},"4":{"start":{"line":90,"column":8},"end":{"line":93,"column":9}}},"fnMap":{"0":{"name":"(anonymous_0)","decl":{"start":{"line":8,"column":31},"end":{"line":8,"column":32}},"loc":{"start":{"line":8,"column":50},"end":{"line":64,"column":5}},"line":8},"1":{"name":"(anonymous_1)","decl":{"start":{"line":65,"column":24},"end":{"line":65,"column":25}},"loc":{"start":{"line":65,"column":43},"end":{"line":94,"column":5}},"line":65}},"branchMap":{},"s":{"0":8,"1":3,"2":3,"3":3,"4":3},"f":{"0":3,"1":3},"b":{},"_coverageSchema":"1a1c01bbd47fc00a2c39e90264f33305004495a9","hash":"45c69cda6828435f3ef93082202450b13aede594"}
,"/Users/herisetiawan/FrontendFriendly/singteltest/src/helpers/server.ts": {"path":"/Users/herisetiawan/FrontendFriendly/singteltest/src/helpers/server.ts","statementMap":{"0":{"start":{"line":6,"column":15},"end":{"line":6,"column":39}}},"fnMap":{},"branchMap":{},"s":{"0":8},"f":{},"b":{},"_coverageSchema":"1a1c01bbd47fc00a2c39e90264f33305004495a9","hash":"2f961414f717e2704b6be36a5636ce5c3b13840a"}
,"/Users/herisetiawan/FrontendFriendly/singteltest/src/helpers/string.ts": {"path":"/Users/herisetiawan/FrontendFriendly/singteltest/src/helpers/string.ts","statementMap":{"0":{"start":{"line":1,"column":28},"end":{"line":9,"column":1}},"1":{"start":{"line":3,"column":19},"end":{"line":3,"column":74}},"2":{"start":{"line":3,"column":58},"end":{"line":3,"column":73}},"3":{"start":{"line":5,"column":16},"end":{"line":5,"column":73}},"4":{"start":{"line":5,"column":64},"end":{"line":5,"column":69}},"5":{"start":{"line":8,"column":4},"end":{"line":8,"column":51}}},"fnMap":{"0":{"name":"(anonymous_0)","decl":{"start":{"line":1,"column":28},"end":{"line":1,"column":29}},"loc":{"start":{"line":1,"column":50},"end":{"line":9,"column":1}},"line":1},"1":{"name":"(anonymous_1)","decl":{"start":{"line":3,"column":49},"end":{"line":3,"column":50}},"loc":{"start":{"line":3,"column":58},"end":{"line":3,"column":73}},"line":3},"2":{"name":"(anonymous_2)","decl":{"start":{"line":5,"column":30},"end":{"line":5,"column":31}},"loc":{"start":{"line":5,"column":64},"end":{"line":5,"column":69}},"line":5}},"branchMap":{"0":{"loc":{"start":{"line":1,"column":29},"end":{"line":1,"column":37}},"type":"default-arg","locations":[{"start":{"line":1,"column":35},"end":{"line":1,"column":37}}],"line":1},"1":{"loc":{"start":{"line":3,"column":20},"end":{"line":3,"column":43}},"type":"binary-expr","locations":[{"start":{"line":3,"column":20},"end":{"line":3,"column":37}},{"start":{"line":3,"column":41},"end":{"line":3,"column":43}}],"line":3}},"s":{"0":3,"1":22,"2":43,"3":22,"4":43,"5":22},"f":{"0":22,"1":43,"2":43},"b":{"0":[0],"1":[22,0]},"_coverageSchema":"1a1c01bbd47fc00a2c39e90264f33305004495a9","hash":"67b47159649f62de425fa526090b906cb086867b"}
,"/Users/herisetiawan/FrontendFriendly/singteltest/src/helpers/url.ts": {"path":"/Users/herisetiawan/FrontendFriendly/singteltest/src/helpers/url.ts","statementMap":{"0":{"start":{"line":1,"column":27},"end":{"line":1,"column":95}},"1":{"start":{"line":1,"column":60},"end":{"line":1,"column":95}}},"fnMap":{"0":{"name":"(anonymous_0)","decl":{"start":{"line":1,"column":27},"end":{"line":1,"column":28}},"loc":{"start":{"line":1,"column":60},"end":{"line":1,"column":95}},"line":1}},"branchMap":{},"s":{"0":1,"1":1},"f":{"0":1},"b":{},"_coverageSchema":"1a1c01bbd47fc00a2c39e90264f33305004495a9","hash":"b7efcf2f89e43ed78fef76d76797f6d0f8b94358"}
,"/Users/herisetiawan/FrontendFriendly/singteltest/src/pages/DogsList/DogsList.state.ts": {"path":"/Users/herisetiawan/FrontendFriendly/singteltest/src/pages/DogsList/DogsList.state.ts","statementMap":{"0":{"start":{"line":7,"column":25},"end":{"line":7,"column":101}},"1":{"start":{"line":7,"column":59},"end":{"line":7,"column":101}},"2":{"start":{"line":9,"column":32},"end":{"line":52,"column":1}},"3":{"start":{"line":10,"column":33},"end":{"line":46,"column":5}},"4":{"start":{"line":12,"column":14},"end":{"line":15,"column":9}},"5":{"start":{"line":18,"column":16},"end":{"line":18,"column":61}},"6":{"start":{"line":23,"column":16},"end":{"line":43,"column":17}},"7":{"start":{"line":25,"column":40},"end":{"line":25,"column":57}},"8":{"start":{"line":26,"column":24},"end":{"line":40,"column":25}},"9":{"start":{"line":47,"column":4},"end":{"line":51,"column":5}},"10":{"start":{"line":54,"column":34},"end":{"line":77,"column":1}},"11":{"start":{"line":55,"column":33},"end":{"line":72,"column":5}},"12":{"start":{"line":57,"column":14},"end":{"line":60,"column":9}},"13":{"start":{"line":63,"column":16},"end":{"line":63,"column":61}},"14":{"start":{"line":66,"column":33},"end":{"line":66,"column":41}},"15":{"start":{"line":69,"column":16},"end":{"line":69,"column":27}},"16":{"start":{"line":73,"column":4},"end":{"line":76,"column":5}}},"fnMap":{"0":{"name":"(anonymous_0)","decl":{"start":{"line":7,"column":25},"end":{"line":7,"column":26}},"loc":{"start":{"line":7,"column":59},"end":{"line":7,"column":101}},"line":7},"1":{"name":"(anonymous_1)","decl":{"start":{"line":9,"column":32},"end":{"line":9,"column":33}},"loc":{"start":{"line":9,"column":78},"end":{"line":52,"column":1}},"line":9},"2":{"name":"(anonymous_2)","decl":{"start":{"line":12,"column":8},"end":{"line":12,"column":9}},"loc":{"start":{"line":12,"column":14},"end":{"line":15,"column":9}},"line":12},"3":{"name":"(anonymous_3)","decl":{"start":{"line":17,"column":21},"end":{"line":17,"column":22}},"loc":{"start":{"line":17,"column":39},"end":{"line":19,"column":13}},"line":17},"4":{"name":"(anonymous_4)","decl":{"start":{"line":20,"column":20},"end":{"line":20,"column":21}},"loc":{"start":{"line":20,"column":43},"end":{"line":44,"column":13}},"line":20},"5":{"name":"(anonymous_5)","decl":{"start":{"line":24,"column":35},"end":{"line":24,"column":36}},"loc":{"start":{"line":24,"column":73},"end":{"line":41,"column":21}},"line":24},"6":{"name":"(anonymous_6)","decl":{"start":{"line":54,"column":34},"end":{"line":54,"column":35}},"loc":{"start":{"line":54,"column":40},"end":{"line":77,"column":1}},"line":54},"7":{"name":"(anonymous_7)","decl":{"start":{"line":57,"column":8},"end":{"line":57,"column":9}},"loc":{"start":{"line":57,"column":14},"end":{"line":60,"column":9}},"line":57},"8":{"name":"(anonymous_8)","decl":{"start":{"line":62,"column":21},"end":{"line":62,"column":22}},"loc":{"start":{"line":62,"column":39},"end":{"line":64,"column":13}},"line":62},"9":{"name":"(anonymous_9)","decl":{"start":{"line":65,"column":20},"end":{"line":65,"column":21}},"loc":{"start":{"line":65,"column":34},"end":{"line":70,"column":13}},"line":65}},"branchMap":{"0":{"loc":{"start":{"line":7,"column":28},"end":{"line":7,"column":42}},"type":"default-arg","locations":[{"start":{"line":7,"column":40},"end":{"line":7,"column":42}}],"line":7},"1":{"loc":{"start":{"line":7,"column":44},"end":{"line":7,"column":52}},"type":"default-arg","locations":[{"start":{"line":7,"column":51},"end":{"line":7,"column":52}}],"line":7},"2":{"loc":{"start":{"line":9,"column":35},"end":{"line":9,"column":49}},"type":"default-arg","locations":[{"start":{"line":9,"column":47},"end":{"line":9,"column":49}}],"line":9},"3":{"loc":{"start":{"line":9,"column":51},"end":{"line":9,"column":59}},"type":"default-arg","locations":[{"start":{"line":9,"column":58},"end":{"line":9,"column":59}}],"line":9},"4":{"loc":{"start":{"line":25,"column":40},"end":{"line":25,"column":57}},"type":"binary-expr","locations":[{"start":{"line":25,"column":40},"end":{"line":25,"column":51}},{"start":{"line":25,"column":55},"end":{"line":25,"column":57}}],"line":25},"5":{"loc":{"start":{"line":48,"column":14},"end":{"line":48,"column":30}},"type":"binary-expr","locations":[{"start":{"line":48,"column":14},"end":{"line":48,"column":24}},{"start":{"line":48,"column":28},"end":{"line":48,"column":30}}],"line":48},"6":{"loc":{"start":{"line":49,"column":14},"end":{"line":49,"column":33}},"type":"binary-expr","locations":[{"start":{"line":49,"column":14},"end":{"line":49,"column":27}},{"start":{"line":49,"column":31},"end":{"line":49,"column":33}}],"line":49},"7":{"loc":{"start":{"line":74,"column":19},"end":{"line":74,"column":29}},"type":"binary-expr","locations":[{"start":{"line":74,"column":19},"end":{"line":74,"column":23}},{"start":{"line":74,"column":27},"end":{"line":74,"column":29}}],"line":74}},"s":{"0":2,"1":8,"2":2,"3":8,"4":3,"5":0,"6":5,"7":10,"8":10,"9":8,"10":2,"11":8,"12":3,"13":0,"14":5,"15":5,"16":8},"f":{"0":8,"1":8,"2":3,"3":0,"4":5,"5":10,"6":8,"7":3,"8":0,"9":5},"b":{"0":[0],"1":[0],"2":[0],"3":[0],"4":[10,0],"5":[8,6],"6":[8,6],"7":[8,6]},"_coverageSchema":"1a1c01bbd47fc00a2c39e90264f33305004495a9","hash":"a086650b08ef5632f758d4a59244c222b8317cad"}
,"/Users/herisetiawan/FrontendFriendly/singteltest/src/pages/DogsList/DogsList.style.ts": {"path":"/Users/herisetiawan/FrontendFriendly/singteltest/src/pages/DogsList/DogsList.style.ts","statementMap":{"0":{"start":{"line":6,"column":23},"end":{"line":15,"column":1}},"1":{"start":{"line":17,"column":29},"end":{"line":21,"column":1}},"2":{"start":{"line":23,"column":22},"end":{"line":26,"column":1}},"3":{"start":{"line":28,"column":26},"end":{"line":30,"column":1}},"4":{"start":{"line":32,"column":23},"end":{"line":36,"column":1}}},"fnMap":{},"branchMap":{},"s":{"0":2,"1":2,"2":2,"3":2,"4":2},"f":{},"b":{},"_coverageSchema":"1a1c01bbd47fc00a2c39e90264f33305004495a9","hash":"548d3b6b169e7c4eedb5176a158c109e34b6f189"}
,"/Users/herisetiawan/FrontendFriendly/singteltest/src/pages/DogsList/index.tsx": {"path":"/Users/herisetiawan/FrontendFriendly/singteltest/src/pages/DogsList/index.tsx","statementMap":{"0":{"start":{"line":16,"column":17},"end":{"line":119,"column":1}},"1":{"start":{"line":17,"column":32},"end":{"line":20,"column":6}},"2":{"start":{"line":21,"column":32},"end":{"line":24,"column":6}},"3":{"start":{"line":25,"column":41},"end":{"line":25,"column":61}},"4":{"start":{"line":26,"column":46},"end":{"line":26,"column":70}},"5":{"start":{"line":27,"column":26},"end":{"line":41,"column":5}},"6":{"start":{"line":28,"column":30},"end":{"line":32,"column":119}},"7":{"start":{"line":32,"column":60},"end":{"line":32,"column":118}},"8":{"start":{"line":34,"column":8},"end":{"line":40,"column":10}},"9":{"start":{"line":42,"column":26},"end":{"line":54,"column":14}},"10":{"start":{"line":44,"column":28},"end":{"line":44,"column":95}},"11":{"start":{"line":46,"column":23},"end":{"line":46,"column":86}},"12":{"start":{"line":48,"column":23},"end":{"line":48,"column":86}},"13":{"start":{"line":49,"column":22},"end":{"line":49,"column":46}},"14":{"start":{"line":50,"column":8},"end":{"line":53,"column":9}},"15":{"start":{"line":55,"column":21},"end":{"line":61,"column":30}},"16":{"start":{"line":56,"column":25},"end":{"line":56,"column":66}},"17":{"start":{"line":57,"column":8},"end":{"line":57,"column":59}},"18":{"start":{"line":62,"column":4},"end":{"line":118,"column":5}},"19":{"start":{"line":73,"column":56},"end":{"line":76,"column":25}},"20":{"start":{"line":78,"column":42},"end":{"line":81,"column":22}},"21":{"start":{"line":89,"column":55},"end":{"line":89,"column":71}},"22":{"start":{"line":103,"column":67},"end":{"line":106,"column":54}}},"fnMap":{"0":{"name":"(anonymous_0)","decl":{"start":{"line":16,"column":17},"end":{"line":16,"column":18}},"loc":{"start":{"line":16,"column":23},"end":{"line":119,"column":1}},"line":16},"1":{"name":"(anonymous_1)","decl":{"start":{"line":27,"column":26},"end":{"line":27,"column":27}},"loc":{"start":{"line":27,"column":45},"end":{"line":41,"column":5}},"line":27},"2":{"name":"(anonymous_2)","decl":{"start":{"line":32,"column":29},"end":{"line":32,"column":30}},"loc":{"start":{"line":32,"column":60},"end":{"line":32,"column":118}},"line":32},"3":{"name":"(anonymous_3)","decl":{"start":{"line":42,"column":34},"end":{"line":42,"column":35}},"loc":{"start":{"line":42,"column":40},"end":{"line":54,"column":5}},"line":42},"4":{"name":"(anonymous_4)","decl":{"start":{"line":55,"column":29},"end":{"line":55,"column":30}},"loc":{"start":{"line":55,"column":35},"end":{"line":61,"column":5}},"line":55},"5":{"name":"(anonymous_5)","decl":{"start":{"line":73,"column":24},"end":{"line":73,"column":25}},"loc":{"start":{"line":73,"column":56},"end":{"line":76,"column":25}},"line":73},"6":{"name":"(anonymous_6)","decl":{"start":{"line":78,"column":29},"end":{"line":78,"column":30}},"loc":{"start":{"line":78,"column":42},"end":{"line":81,"column":22}},"line":78},"7":{"name":"(anonymous_7)","decl":{"start":{"line":89,"column":44},"end":{"line":89,"column":45}},"loc":{"start":{"line":89,"column":55},"end":{"line":89,"column":71}},"line":89},"8":{"name":"(anonymous_8)","decl":{"start":{"line":103,"column":62},"end":{"line":103,"column":63}},"loc":{"start":{"line":103,"column":67},"end":{"line":106,"column":54}},"line":103}},"branchMap":{"0":{"loc":{"start":{"line":26,"column":12},"end":{"line":26,"column":21}},"type":"default-arg","locations":[{"start":{"line":26,"column":19},"end":{"line":26,"column":21}}],"line":26},"1":{"loc":{"start":{"line":26,"column":23},"end":{"line":26,"column":32}},"type":"default-arg","locations":[{"start":{"line":26,"column":30},"end":{"line":26,"column":32}}],"line":26},"2":{"loc":{"start":{"line":28,"column":30},"end":{"line":32,"column":119}},"type":"cond-expr","locations":[{"start":{"line":30,"column":14},"end":{"line":30,"column":24}},{"start":{"line":32,"column":14},"end":{"line":32,"column":119}}],"line":28},"3":{"loc":{"start":{"line":32,"column":61},"end":{"line":32,"column":73}},"type":"binary-expr","locations":[{"start":{"line":32,"column":61},"end":{"line":32,"column":67}},{"start":{"line":32,"column":71},"end":{"line":32,"column":73}}],"line":32},"4":{"loc":{"start":{"line":37,"column":23},"end":{"line":37,"column":62}},"type":"cond-expr","locations":[{"start":{"line":37,"column":39},"end":{"line":37,"column":55}},{"start":{"line":37,"column":58},"end":{"line":37,"column":62}}],"line":37},"5":{"loc":{"start":{"line":44,"column":29},"end":{"line":44,"column":90}},"type":"cond-expr","locations":[{"start":{"line":44,"column":55},"end":{"line":44,"column":86}},{"start":{"line":44,"column":89},"end":{"line":44,"column":90}}],"line":44},"6":{"loc":{"start":{"line":46,"column":23},"end":{"line":46,"column":86}},"type":"cond-expr","locations":[{"start":{"line":46,"column":50},"end":{"line":46,"column":82}},{"start":{"line":46,"column":85},"end":{"line":46,"column":86}}],"line":46},"7":{"loc":{"start":{"line":48,"column":23},"end":{"line":48,"column":86}},"type":"cond-expr","locations":[{"start":{"line":48,"column":50},"end":{"line":48,"column":82}},{"start":{"line":48,"column":85},"end":{"line":48,"column":86}}],"line":48},"8":{"loc":{"start":{"line":93,"column":51},"end":{"line":93,"column":75}},"type":"binary-expr","locations":[{"start":{"line":93,"column":51},"end":{"line":93,"column":58}},{"start":{"line":93,"column":62},"end":{"line":93,"column":75}}],"line":93},"9":{"loc":{"start":{"line":97,"column":40},"end":{"line":109,"column":50}},"type":"cond-expr","locations":[{"start":{"line":99,"column":48},"end":{"line":107,"column":50}},{"start":{"line":109,"column":46},"end":{"line":109,"column":50}}],"line":97}},"s":{"0":2,"1":8,"2":8,"3":8,"4":8,"5":8,"6":0,"7":0,"8":0,"9":8,"10":8,"11":8,"12":8,"13":8,"14":8,"15":8,"16":8,"17":8,"18":8,"19":2,"20":0,"21":3,"22":0},"f":{"0":8,"1":0,"2":0,"3":8,"4":8,"5":2,"6":0,"7":3,"8":0},"b":{"0":[0],"1":[0],"2":[0,0],"3":[0,0],"4":[0,0],"5":[0,8],"6":[0,8],"7":[0,8],"8":[8,2],"9":[0,8]},"_coverageSchema":"1a1c01bbd47fc00a2c39e90264f33305004495a9","hash":"2053c7d03152b05bf75333df4c9c5c3595de6b84"}
,"/Users/herisetiawan/FrontendFriendly/singteltest/src/routes/index.tsx": {"path":"/Users/herisetiawan/FrontendFriendly/singteltest/src/routes/index.tsx","statementMap":{"0":{"start":{"line":8,"column":18},"end":{"line":21,"column":1}},"1":{"start":{"line":9,"column":4},"end":{"line":20,"column":6}}},"fnMap":{"0":{"name":"(anonymous_0)","decl":{"start":{"line":8,"column":18},"end":{"line":8,"column":19}},"loc":{"start":{"line":8,"column":24},"end":{"line":21,"column":1}},"line":8}},"branchMap":{},"s":{"0":1,"1":1},"f":{"0":1},"b":{},"_coverageSchema":"1a1c01bbd47fc00a2c39e90264f33305004495a9","hash":"673235548a17892dd9ace7bea26e8a7dabca1a6a"}
,"/Users/herisetiawan/FrontendFriendly/singteltest/src/theme/mediaQuery.ts": {"path":"/Users/herisetiawan/FrontendFriendly/singteltest/src/theme/mediaQuery.ts","statementMap":{"0":{"start":{"line":1,"column":27},"end":{"line":8,"column":1}},"1":{"start":{"line":12,"column":18},"end":{"line":19,"column":1}},"2":{"start":{"line":14,"column":8},"end":{"line":14,"column":55}},"3":{"start":{"line":17,"column":8},"end":{"line":17,"column":55}}},"fnMap":{"0":{"name":"(anonymous_0)","decl":{"start":{"line":13,"column":8},"end":{"line":13,"column":9}},"loc":{"start":{"line":13,"column":43},"end":{"line":15,"column":5}},"line":13},"1":{"name":"(anonymous_1)","decl":{"start":{"line":16,"column":10},"end":{"line":16,"column":11}},"loc":{"start":{"line":16,"column":45},"end":{"line":18,"column":5}},"line":16}},"branchMap":{},"s":{"0":4,"1":4,"2":8,"3":2},"f":{"0":8,"1":2},"b":{},"_coverageSchema":"1a1c01bbd47fc00a2c39e90264f33305004495a9","hash":"a78a8f0a7902cd325a7b4d22f612150b3a3adb55"}
}
